info @storybook/react v6.5.9
info 
info => Cleaning outputDir: C:\\Users\\andre\\AppData\\Local\\Temp\\chromatic--6684-FXoZQLl9dar8
info => Loading presets
info => Compiling manager..
info => Compiling preview..
info Addon-docs: using MDX1
info => Using implicit CSS loaders
info => Using default Webpack5 setup
<s> [webpack.Progress] 0% 

<s> [webpack.Progress] 1% setup before run
<s> [webpack.Progress] 1% setup before run NodeEnvironmentPlugin
<s> [webpack.Progress] 1% setup before run
<s> [webpack.Progress] 2% setup run
<s> [webpack.Progress] 2% setup run
<s> [webpack.Progress] 4% setup normal module factory
<s> [webpack.Progress] 4% setup normal module factory CaseSensitivePathsPlugin
<s> [webpack.Progress] 4% setup normal module factory
<s> [webpack.Progress] 5% setup context module factory
<s> [webpack.Progress] 5% setup context module factory
<s> [webpack.Progress] 6% setup before compile
<s> [webpack.Progress] 6% setup before compile ProgressPlugin
<s> [webpack.Progress] 6% setup before compile
<s> [webpack.Progress] 7% setup compile
<s> [webpack.Progress] 7% setup compile ExternalsPlugin
<s> [webpack.Progress] 7% setup compile
<s> [webpack.Progress] 8% setup compilation
<s> [webpack.Progress] 8% setup compilation ArrayPushCallbackChunkFormatPlugin
<s> [webpack.Progress] 8% setup compilation JsonpChunkLoadingPlugin
<s> [webpack.Progress] 8% setup compilation StartupChunkDependenciesPlugin
<s> [webpack.Progress] 8% setup compilation ImportScriptsChunkLoadingPlugin
<s> [webpack.Progress] 8% setup compilation FetchCompileWasmPlugin
<s> [webpack.Progress] 8% setup compilation FetchCompileAsyncWasmPlugin
<s> [webpack.Progress] 8% setup compilation WorkerPlugin
<s> [webpack.Progress] 8% setup compilation SplitChunksPlugin
<s> [webpack.Progress] 8% setup compilation RuntimeChunkPlugin
<s> [webpack.Progress] 8% setup compilation ResolverCachePlugin
<s> [webpack.Progress] 8% setup compilation HtmlWebpackPlugin
<s> [webpack.Progress] 8% setup compilation
<s> [webpack.Progress] 9% setup compilation
<s> [webpack.Progress] 9% setup compilation DefinePlugin
<s> [webpack.Progress] 9% setup compilation ProvidePlugin
<s> [webpack.Progress] 9% setup compilation ProgressPlugin
<s> [webpack.Progress] 9% setup compilation DocGenPlugin
<s> [webpack.Progress] 9% setup compilation DefinePlugin
<s> [webpack.Progress] 9% setup compilation DefinePlugin
<s> [webpack.Progress] 9% setup compilation ChunkPrefetchPreloadPlugin
<s> [webpack.Progress] 9% setup compilation SourceMapDevToolPlugin
<s> [webpack.Progress] 9% setup compilation JavascriptModulesPlugin
<s> [webpack.Progress] 9% setup compilation JsonModulesPlugin
<s> [webpack.Progress] 9% setup compilation AssetModulesPlugin
<s> [webpack.Progress] 9% setup compilation EntryPlugin
<s> [webpack.Progress] 9% setup compilation EntryPlugin
<s> [webpack.Progress] 9% setup compilation EntryPlugin
<s> [webpack.Progress] 9% setup compilation EntryPlugin
<s> [webpack.Progress] 9% setup compilation EntryPlugin
<s> [webpack.Progress] 9% setup compilation EntryPlugin
<s> [webpack.Progress] 9% setup compilation EntryPlugin
<s> [webpack.Progress] 9% setup compilation EntryPlugin
<s> [webpack.Progress] 9% setup compilation EntryPlugin
<s> [webpack.Progress] 9% setup compilation EntryPlugin
<s> [webpack.Progress] 9% setup compilation EntryPlugin
<s> [webpack.Progress] 9% setup compilation EntryPlugin
<s> [webpack.Progress] 9% setup compilation EntryPlugin
<s> [webpack.Progress] 9% setup compilation EntryPlugin
<s> [webpack.Progress] 9% setup compilation EntryPlugin
<s> [webpack.Progress] 9% setup compilation RuntimePlugin
<s> [webpack.Progress] 9% setup compilation InferAsyncModulesPlugin
<s> [webpack.Progress] 9% setup compilation DataUriPlugin
<s> [webpack.Progress] 9% setup compilation FileUriPlugin
<s> [webpack.Progress] 9% setup compilation CompatibilityPlugin
<s> [webpack.Progress] 9% setup compilation HarmonyModulesPlugin
<s> [webpack.Progress] 9% setup compilation AMDPlugin
<s> [webpack.Progress] 9% setup compilation RequireJsStuffPlugin
<s> [webpack.Progress] 9% setup compilation CommonJsPlugin
<s> [webpack.Progress] 9% setup compilation LoaderPlugin
<s> [webpack.Progress] 9% setup compilation LoaderPlugin
<s> [webpack.Progress] 9% setup compilation NodeStuffPlugin
<s> [webpack.Progress] 9% setup compilation APIPlugin
<s> [webpack.Progress] 9% setup compilation ExportsInfoApiPlugin
<s> [webpack.Progress] 9% setup compilation WebpackIsIncludedPlugin
<s> [webpack.Progress] 9% setup compilation ConstPlugin
<s> [webpack.Progress] 9% setup compilation UseStrictPlugin
<s> [webpack.Progress] 9% setup compilation RequireIncludePlugin
<s> [webpack.Progress] 9% setup compilation RequireEnsurePlugin
<s> [webpack.Progress] 9% setup compilation RequireContextPlugin
<s> [webpack.Progress] 9% setup compilation ImportPlugin
<s> [webpack.Progress] 9% setup compilation RequireContextPlugin
<s> [webpack.Progress] 9% setup compilation SystemPlugin
<s> [webpack.Progress] 9% setup compilation ImportMetaPlugin
<s> [webpack.Progress] 9% setup compilation URLPlugin
<s> [webpack.Progress] 9% setup compilation DefaultStatsFactoryPlugin
<s> [webpack.Progress] 9% setup compilation DefaultStatsPresetPlugin
<s> [webpack.Progress] 9% setup compilation DefaultStatsPrinterPlugin
<s> [webpack.Progress] 9% setup compilation JavascriptMetaInfoPlugin
<s> [webpack.Progress] 9% setup compilation EnsureChunkConditionsPlugin
<s> [webpack.Progress] 9% setup compilation RemoveEmptyChunksPlugin
<s> [webpack.Progress] 9% setup compilation MergeDuplicateChunksPlugin
<s> [webpack.Progress] 9% setup compilation FlagIncludedChunksPlugin
<s> [webpack.Progress] 9% setup compilation SideEffectsFlagPlugin
<s> [webpack.Progress] 9% setup compilation FlagDependencyExportsPlugin
<s> [webpack.Progress] 9% setup compilation FlagDependencyUsagePlugin
<s> [webpack.Progress] 9% setup compilation InnerGraphPlugin
<s> [webpack.Progress] 9% setup compilation MangleExportsPlugin
<s> [webpack.Progress] 9% setup compilation ModuleConcatenationPlugin
<s> [webpack.Progress] 9% setup compilation NoEmitOnErrorsPlugin
<s> [webpack.Progress] 9% setup compilation RealContentHashPlugin
<s> [webpack.Progress] 9% setup compilation WasmFinalizeExportsPlugin
<s> [webpack.Progress] 9% setup compilation NamedModuleIdsPlugin
<s> [webpack.Progress] 9% setup compilation DeterministicChunkIdsPlugin
<s> [webpack.Progress] 9% setup compilation DefinePlugin
<s> [webpack.Progress] 9% setup compilation TerserPlugin
<s> [webpack.Progress] 9% setup compilation TemplatedPathPlugin
<s> [webpack.Progress] 9% setup compilation RecordIdsPlugin
<s> [webpack.Progress] 9% setup compilation WarnCaseSensitiveModulesPlugin
<s> [webpack.Progress] 9% setup compilation IgnoreWarningsPlugin
<s> [webpack.Progress] 9% setup compilation
<s> [webpack.Progress] 10% building
<s> [webpack.Progress] 10% building 0/1 entries 0/0 dependencies 0/0 modules
<s> [webpack.Progress] 10% building 0/15 entries 9/16 dependencies 0/9 modules
<s> [webpack.Progress] 10% building import loader ./node_modules/babel-loader/lib/index.js
<s> [webpack.Progress] 10% building 0/15 entries 19/36 dependencies 0/18 modules
<s> [webpack.Progress] 10% building 0/15 entries 19/37 dependencies 0/18 modules
<s> [webpack.Progress] 10% building 0/15 entries 20/57 dependencies 0/18 modules
<s> [webpack.Progress] 10% building import loader ./node_modules/@storybook/mdx1-csf/loader.js
<s> [webpack.Progress] 10% building 0/15 entries 37/80 dependencies 0/36 modules
<s> [webpack.Progress] 10% building import loader ./node_modules/@storybook/source-loader/dist/cjs/index.js
<s> [webpack.Progress] 10% building 0/15 entries 48/80 dependencies 0/46 modules
<s> [webpack.Progress] 10% building 0/15 entries 82/200 dependencies 0/69 modules
<s> [webpack.Progress] 10% building 0/15 entries 162/270 dependencies 2/109 modules
<s> [webpack.Progress] 10% building 0/15 entries 199/274 dependencies 5/136 modules
<s> [webpack.Progress] 10% building 0/15 entries 287/367 dependencies 10/166 modules
<s> [webpack.Progress] 10% building import loader ./node_modules/storybook-addon-next/dist/images/next-image-loader-stub.js
<s> [webpack.Progress] 10% building 0/15 entries 327/367 dependencies 10/190 modules
<s> [webpack.Progress] 10% building 0/15 entries 335/500 dependencies 11/195 modules
<s> [webpack.Progress] 10% building 0/15 entries 400/589 dependencies 20/232 modules
<s> [webpack.Progress] 10% building 0/15 entries 500/633 dependencies 20/266 modules
<s> [webpack.Progress] 13% building 1/15 entries 512/633 dependencies 22/272 modules
<s> [webpack.Progress] 13% building 1/15 entries 630/700 dependencies 23/314 modules
<s> [webpack.Progress] 13% building 1/15 entries 684/899 dependencies 25/317 modules
<s> [webpack.Progress] 13% building 1/15 entries 756/1034 dependencies 29/321 modules
<s> [webpack.Progress] 13% building 1/15 entries 848/1058 dependencies 32/338 modules
<s> [webpack.Progress] 13% building 1/15 entries 1053/1200 dependencies 36/390 modules
<s> [webpack.Progress] 13% building 1/15 entries 1207/1271 dependencies 40/433 modules
<s> [webpack.Progress] 13% building 1/15 entries 1400/1471 dependencies 61/445 modules
<s> [webpack.Progress] 13% building import loader ./node_modules/style-loader/dist/cjs.js
<s> [webpack.Progress] 13% building import loader ./node_modules/css-loader/dist/cjs.js
<s> [webpack.Progress] 13% building import loader ./node_modules/postcss-loader/dist/cjs.js
<s> [webpack.Progress] 13% building 1/15 entries 1429/1473 dependencies 70/451 modules
<s> [webpack.Progress] 13% building 1/15 entries 1500/1589 dependencies 82/479 modules
<s> [webpack.Progress] 13% building 1/15 entries 1602/1700 dependencies 114/480 modules
<s> [webpack.Progress] 13% building 1/15 entries 1695/1788 dependencies 133/500 modules
<s> [webpack.Progress] 13% building 1/15 entries 1788/1900 dependencies 134/525 modules
<s> [webpack.Progress] 13% building 1/15 entries 2000/2151 dependencies 162/526 modules
<s> [webpack.Progress] 13% building 1/15 entries 2100/2151 dependencies 179/542 modules
<s> [webpack.Progress] 13% building 1/15 entries 2119/2200 dependencies 179/559 modules
<s> [webpack.Progress] 13% building 1/15 entries 2154/2300 dependencies 184/562 modules
<s> [webpack.Progress] 13% building 1/15 entries 2400/2432 dependencies 281/585 modules
<s> [webpack.Progress] 13% building 1/15 entries 2415/2500 dependencies 284/594 modules
<s> [webpack.Progress] 13% building 1/15 entries 2432/2670 dependencies 300/594 modules
<s> [webpack.Progress] 13% building 1/15 entries 2500/2847 dependencies 304/594 modules
<s> [webpack.Progress] 13% building 1/15 entries 2600/2847 dependencies 318/598 modules
<s> [webpack.Progress] 14% building 1/15 entries 2800/2847 dependencies 366/640 modules
<s> [webpack.Progress] 14% building 1/15 entries 2820/2900 dependencies 368/645 modules
<s> [webpack.Progress] 14% building 1/15 entries 2831/3000 dependencies 368/646 modules
<s> [webpack.Progress] 14% building 1/15 entries 3100/3227 dependencies 439/664 modules
<s> [webpack.Progress] 14% building 1/15 entries 3254/3298 dependencies 446/700 modules
<s> [webpack.Progress] 14% building 1/15 entries 3254/3300 dependencies 447/700 modules
<s> [webpack.Progress] 15% building 1/15 entries 3290/3600 dependencies 460/700 modules
<s> [webpack.Progress] 15% building 1/15 entries 3400/3681 dependencies 469/709 modules
<s> [webpack.Progress] 15% building 1/15 entries 3600/3696 dependencies 487/757 modules
<s> [webpack.Progress] 15% building 1/15 entries 3620/3700 dependencies 489/762 modules
<s> [webpack.Progress] 15% building 1/15 entries 3700/3828 dependencies 489/796 modules
<s> [webpack.Progress] 15% building 1/15 entries 3791/3875 dependencies 500/830 modules
<s> [webpack.Progress] 16% building 1/15 entries 3900/3983 dependencies 547/844 modules
<s> [webpack.Progress] 16% building 1/15 entries 3978/4000 dependencies 549/892 modules
<s> [webpack.Progress] 16% building 1/15 entries 4012/4100 dependencies 551/892 modules
<s> [webpack.Progress] 16% building 1/15 entries 4032/4200 dependencies 551/893 modules
<s> [webpack.Progress] 16% building 1/15 entries 4100/4244 dependencies 560/898 modules
<s> [webpack.Progress] 16% building 1/15 entries 4200/4244 dependencies 578/950 modules
<s> [webpack.Progress] 16% building 1/15 entries 4300/4378 dependencies 609/973 modules
<s> [webpack.Progress] 16% building 1/15 entries 4301/4400 dependencies 609/974 modules
<s> [webpack.Progress] 16% building 1/15 entries 4378/4500 dependencies 633/1011 modules
<s> [webpack.Progress] 17% building 1/15 entries 4500/4556 dependencies 649/1038 modules
<s> [webpack.Progress] 17% building 1/15 entries 4561/4671 dependencies 700/1050 modules
<s> [webpack.Progress] 17% building 1/15 entries 4692/4800 dependencies 719/1082 modules
<s> [webpack.Progress] 18% building 1/15 entries 4856/4895 dependencies 785/1100 modules
<s> [webpack.Progress] 18% building 1/15 entries 4874/4900 dependencies 785/1115 modules
<s> [webpack.Progress] 18% building 1/15 entries 4909/5000 dependencies 791/1115 modules
<s> [webpack.Progress] 18% building 1/15 entries 4957/5100 dependencies 792/1115 modules
<s> [webpack.Progress] 18% building 1/15 entries 5000/5102 dependencies 814/1115 modules
<s> [webpack.Progress] 19% building 1/15 entries 5100/5152 dependencies 843/1131 modules
<s> [webpack.Progress] 20% building 1/15 entries 5200/5281 dependencies 934/1145 modules
<s> [webpack.Progress] 20% building 1/15 entries 5231/5300 dependencies 941/1149 modules
<s> [webpack.Progress] 20% building 1/15 entries 5310/5400 dependencies 953/1169 modules
<s> [webpack.Progress] 20% building 1/15 entries 5366/5562 dependencies 961/1200 modules
<s> [webpack.Progress] 21% building 1/15 entries 5541/5562 dependencies 1000/1326 modules
<s> [webpack.Progress] 21% building 1/15 entries 5544/5600 dependencies 1018/1326 modules
<s> [webpack.Progress] 21% building 1/15 entries 5600/5644 dependencies 1063/1326 modules
<s> [webpack.Progress] 21% building 1/15 entries 5647/5700 dependencies 1088/1344 modules
<s> [webpack.Progress] 22% building 1/15 entries 5700/5752 dependencies 1132/1351 modules
<s> [webpack.Progress] 22% building 1/15 entries 5754/5800 dependencies 1162/1354 modules
<s> [webpack.Progress] 23% building 1/15 entries 5900/5959 dependencies 1187/1386 modules
<s> [webpack.Progress] 23% building 2/15 entries 5954/6045 dependencies 1236/1395 modules
<s> [webpack.Progress] 23% building 3/15 entries 5954/6045 dependencies 1237/1395 modules
<s> [webpack.Progress] 24% building 4/15 entries 5954/6045 dependencies 1238/1395 modules
<s> [webpack.Progress] 28% building 5/15 entries 5954/6045 dependencies 1239/1395 modules
<s> [webpack.Progress] 32% building 6/15 entries 5954/6045 dependencies 1240/1395 modules
<s> [webpack.Progress] 35% building 7/15 entries 5954/6045 dependencies 1241/1395 modules
<s> [webpack.Progress] 39% building 8/15 entries 5954/6045 dependencies 1242/1395 modules
<s> [webpack.Progress] 43% building 9/15 entries 5954/6045 dependencies 1243/1395 modules
<s> [webpack.Progress] 46% building 10/15 entries 5954/6045 dependencies 1248/1395 modules
<s> [webpack.Progress] 46% building 10/15 entries 6020/6100 dependencies 1255/1407 modules
<s> [webpack.Progress] 46% building 10/15 entries 6100/6152 dependencies 1277/1409 modules
<s> [webpack.Progress] 46% building 10/15 entries 6200/6267 dependencies 1300/1423 modules
<s> [webpack.Progress] 46% building 10/15 entries 6300/6352 dependencies 1320/1447 modules
<s> [webpack.Progress] 50% building 11/15 entries 6327/6369 dependencies 1351/1448 modules
<s> [webpack.Progress] 50% building 11/15 entries 6483/6500 dependencies 1407/1491 modules
<s> [webpack.Progress] 54% building 12/15 entries 6535/6544 dependencies 1467/1500 modules
<s> [webpack.Progress] 57% building 13/15 entries 6557/6557 dependencies 1494/1512 modules
<s> [webpack.Progress] 61% building 14/15 entries 6557/6557 dependencies 1494/1512 modules
<s> [webpack.Progress] 65% building 15/15 entries 6562/6562 dependencies 1512/1512 modules
<s> [webpack.Progress] 65% building
<s> [webpack.Progress] 69% building finish
<s> [webpack.Progress] 69% building finish
<s> [webpack.Progress] 70% sealing finish module graph
<s> [webpack.Progress] 70% sealing finish module graph ResolverCachePlugin
<s> [webpack.Progress] 70% sealing finish module graph InferAsyncModulesPlugin
<s> [webpack.Progress] 70% sealing finish module graph FlagDependencyExportsPlugin
<s> [webpack.Progress] 70% sealing finish module graph InnerGraphPlugin
<s> [webpack.Progress] 70% sealing finish module graph WasmFinalizeExportsPlugin
<s> [webpack.Progress] 70% sealing finish module graph
<s> [webpack.Progress] 70% sealing plugins
<s> [webpack.Progress] 70% sealing plugins DocGenPlugin
<s> [webpack.Progress] 70% sealing plugins WarnCaseSensitiveModulesPlugin
<s> [webpack.Progress] 70% sealing plugins
<s> [webpack.Progress] 71% sealing dependencies optimization
<s> [webpack.Progress] 71% sealing dependencies optimization SideEffectsFlagPlugin
<s> [webpack.Progress] 71% sealing dependencies optimization FlagDependencyUsagePlugin
<s> [webpack.Progress] 71% sealing dependencies optimization
<s> [webpack.Progress] 71% sealing after dependencies optimization
<s> [webpack.Progress] 71% sealing after dependencies optimization
<s> [webpack.Progress] 72% sealing chunk graph
<s> [webpack.Progress] 72% sealing chunk graph
<s> [webpack.Progress] 73% sealing after chunk graph
<s> [webpack.Progress] 73% sealing after chunk graph
<s> [webpack.Progress] 73% sealing optimizing
<s> [webpack.Progress] 73% sealing optimizing
<s> [webpack.Progress] 74% sealing module optimization
<s> [webpack.Progress] 74% sealing module optimization
<s> [webpack.Progress] 75% sealing after module optimization
<s> [webpack.Progress] 75% sealing after module optimization
<s> [webpack.Progress] 75% sealing chunk optimization
<s> [webpack.Progress] 75% sealing chunk optimization EnsureChunkConditionsPlugin
<s> [webpack.Progress] 75% sealing chunk optimization RemoveEmptyChunksPlugin
<s> [webpack.Progress] 75% sealing chunk optimization MergeDuplicateChunksPlugin
<s> [webpack.Progress] 75% sealing chunk optimization SplitChunksPlugin
<s> [webpack.Progress] 75% sealing chunk optimization RemoveEmptyChunksPlugin
<s> [webpack.Progress] 75% sealing chunk optimization
<s> [webpack.Progress] 76% sealing after chunk optimization
<s> [webpack.Progress] 76% sealing after chunk optimization
<s> [webpack.Progress] 77% sealing module and chunk tree optimization
<s> [webpack.Progress] 77% sealing module and chunk tree optimization PersistentChildCompilerSingletonPlugin
<s> [webpack.Progress] 77% sealing module and chunk tree optimization
<s> [webpack.Progress] 77% sealing after module and chunk tree optimization
<s> [webpack.Progress] 77% sealing after module and chunk tree optimization
<s> [webpack.Progress] 78% sealing chunk modules optimization
<s> [webpack.Progress] 78% sealing chunk modules optimization ModuleConcatenationPlugin
<s> [webpack.Progress] 78% sealing chunk modules optimization
<s> [webpack.Progress] 78% sealing after chunk modules optimization
<s> [webpack.Progress] 78% sealing after chunk modules optimization
<s> [webpack.Progress] 79% sealing module reviving
<s> [webpack.Progress] 79% sealing module reviving RecordIdsPlugin
<s> [webpack.Progress] 79% sealing module reviving
<s> [webpack.Progress] 80% sealing before module ids
<s> [webpack.Progress] 80% sealing before module ids
<s> [webpack.Progress] 80% sealing module ids
<s> [webpack.Progress] 80% sealing module ids NamedModuleIdsPlugin
<s> [webpack.Progress] 80% sealing module ids
<s> [webpack.Progress] 81% sealing module id optimization
<s> [webpack.Progress] 81% sealing module id optimization
<s> [webpack.Progress] 82% sealing module id optimization
<s> [webpack.Progress] 82% sealing module id optimization
<s> [webpack.Progress] 82% sealing chunk reviving
<s> [webpack.Progress] 82% sealing chunk reviving RecordIdsPlugin
<s> [webpack.Progress] 82% sealing chunk reviving
<s> [webpack.Progress] 83% sealing before chunk ids
<s> [webpack.Progress] 83% sealing before chunk ids
<s> [webpack.Progress] 84% sealing chunk ids
<s> [webpack.Progress] 84% sealing chunk ids DeterministicChunkIdsPlugin
<s> [webpack.Progress] 84% sealing chunk ids
<s> [webpack.Progress] 84% sealing chunk id optimization
<s> [webpack.Progress] 84% sealing chunk id optimization FlagIncludedChunksPlugin
<s> [webpack.Progress] 84% sealing chunk id optimization
<s> [webpack.Progress] 85% sealing after chunk id optimization
<s> [webpack.Progress] 85% sealing after chunk id optimization
<s> [webpack.Progress] 86% sealing record modules
<s> [webpack.Progress] 86% sealing record modules RecordIdsPlugin
<s> [webpack.Progress] 86% sealing record modules
<s> [webpack.Progress] 86% sealing record chunks
<s> [webpack.Progress] 86% sealing record chunks RecordIdsPlugin
<s> [webpack.Progress] 86% sealing record chunks
<s> [webpack.Progress] 87% sealing module hashing
<s> [webpack.Progress] 87% sealing module hashing
<s> [webpack.Progress] 87% sealing code generation
<s> [webpack.Progress] 87% sealing code generation
<s> [webpack.Progress] 88% sealing runtime requirements
<s> [webpack.Progress] 88% sealing runtime requirements
<s> [webpack.Progress] 89% sealing hashing
<s> [webpack.Progress] 89% sealing hashing
<s> [webpack.Progress] 89% sealing after hashing
<s> [webpack.Progress] 89% sealing after hashing
<s> [webpack.Progress] 90% sealing record hash
<s> [webpack.Progress] 90% sealing record hash
<s> [webpack.Progress] 91% sealing module assets processing
<s> [webpack.Progress] 91% sealing module assets processing
<s> [webpack.Progress] 91% sealing chunk assets processing
<s> [webpack.Progress] 91% sealing chunk assets processing
<s> [webpack.Progress] 92% sealing asset processing
<s> [webpack.Progress] 92% sealing asset processing PersistentChildCompilerSingletonPlugin
<s> [webpack.Progress] 92% sealing asset processing TerserPlugin
info => Manager built (3.32 min)
<s> [webpack.Progress] 92% sealing asset processing SourceMapDevToolPlugin
<s> [webpack.Progress] 92% sealing asset processing SourceMapDevToolPlugin
<s> [webpack.Progress] 92% sealing asset processing SourceMapDevToolPlugin main.a6f54c88.iframe.bundle.js generate SourceMap
<s> [webpack.Progress] 92% sealing asset processing SourceMapDevToolPlugin main.a6f54c88.iframe.bundle.js generated SourceMap
<s> [webpack.Progress] 92% sealing asset processing SourceMapDevToolPlugin runtime~main.3f752417.iframe.bundle.js generate SourceMap
<s> [webpack.Progress] 92% sealing asset processing SourceMapDevToolPlugin runtime~main.3f752417.iframe.bundle.js generated SourceMap
<s> [webpack.Progress] 92% sealing asset processing SourceMapDevToolPlugin 701.fbb76500.iframe.bundle.js generate SourceMap
<s> [webpack.Progress] 92% sealing asset processing SourceMapDevToolPlugin 701.fbb76500.iframe.bundle.js generated SourceMap
<s> [webpack.Progress] 92% sealing asset processing SourceMapDevToolPlugin 745.0dae3855.iframe.bundle.js generate SourceMap
<s> [webpack.Progress] 92% sealing asset processing SourceMapDevToolPlugin 745.0dae3855.iframe.bundle.js generated SourceMap
<s> [webpack.Progress] 92% sealing asset processing SourceMapDevToolPlugin 63.2f94f74f.iframe.bundle.js generate SourceMap
<s> [webpack.Progress] 92% sealing asset processing SourceMapDevToolPlugin 63.2f94f74f.iframe.bundle.js generated SourceMap
<s> [webpack.Progress] 92% sealing asset processing SourceMapDevToolPlugin 566.ba531544.iframe.bundle.js generate SourceMap
<s> [webpack.Progress] 92% sealing asset processing SourceMapDevToolPlugin 566.ba531544.iframe.bundle.js generated SourceMap
<s> [webpack.Progress] 92% sealing asset processing SourceMapDevToolPlugin 551.c3f777c7.iframe.bundle.js generate SourceMap
<s> [webpack.Progress] 92% sealing asset processing SourceMapDevToolPlugin 551.c3f777c7.iframe.bundle.js generated SourceMap
<s> [webpack.Progress] 92% sealing asset processing SourceMapDevToolPlugin 142.401985bb.iframe.bundle.js generate SourceMap
<s> [webpack.Progress] 92% sealing asset processing SourceMapDevToolPlugin 142.401985bb.iframe.bundle.js generated SourceMap
<s> [webpack.Progress] 92% sealing asset processing SourceMapDevToolPlugin 725.289fc73f.iframe.bundle.js generate SourceMap
<s> [webpack.Progress] 92% sealing asset processing SourceMapDevToolPlugin 725.289fc73f.iframe.bundle.js generated SourceMap
<s> [webpack.Progress] 92% sealing asset processing SourceMapDevToolPlugin 32.b8f7b72d.iframe.bundle.js generate SourceMap
<s> [webpack.Progress] 92% sealing asset processing SourceMapDevToolPlugin 32.b8f7b72d.iframe.bundle.js generated SourceMap
<s> [webpack.Progress] 92% sealing asset processing SourceMapDevToolPlugin 568.e51c2867.iframe.bundle.js generate SourceMap
<s> [webpack.Progress] 92% sealing asset processing SourceMapDevToolPlugin 568.e51c2867.iframe.bundle.js generated SourceMap
<s> [webpack.Progress] 92% sealing asset processing SourceMapDevToolPlugin resolve sources
<s> [webpack.Progress] 92% sealing asset processing SourceMapDevToolPlugin
<s> [webpack.Progress] 92% sealing asset processing HtmlWebpackPlugin
<s> [webpack.Progress] 92% sealing asset processing HtmlWebpackPlugin
<s> [webpack.Progress] 92% sealing asset processing HtmlWebpackPlugin resolve sources
<s> [webpack.Progress] 92% sealing asset processing HtmlWebpackPlugin
<s> [webpack.Progress] 92% sealing asset processing RealContentHashPlugin
<s> [webpack.Progress] 92% sealing asset processing RealContentHashPlugin
<s> [webpack.Progress] 92% sealing asset processing RealContentHashPlugin runtime~main.79f3b1dd.iframe.bundle.js generate SourceMap
<s> [webpack.Progress] 92% sealing asset processing RealContentHashPlugin runtime~main.79f3b1dd.iframe.bundle.js generated SourceMap
<s> [webpack.Progress] 92% sealing asset processing RealContentHashPlugin 701.b3cb3287.iframe.bundle.js generate SourceMap
<s> [webpack.Progress] 92% sealing asset processing RealContentHashPlugin 701.b3cb3287.iframe.bundle.js generated SourceMap
<s> [webpack.Progress] 92% sealing asset processing RealContentHashPlugin 745.43cd6905.iframe.bundle.js generate SourceMap
<s> [webpack.Progress] 92% sealing asset processing RealContentHashPlugin 745.43cd6905.iframe.bundle.js generated SourceMap
<s> [webpack.Progress] 92% sealing asset processing RealContentHashPlugin 551.4dca2c51.iframe.bundle.js generate SourceMap
<s> [webpack.Progress] 92% sealing asset processing RealContentHashPlugin 551.4dca2c51.iframe.bundle.js generated SourceMap
<s> [webpack.Progress] 92% sealing asset processing RealContentHashPlugin 725.6b678b36.iframe.bundle.js generate SourceMap
<s> [webpack.Progress] 92% sealing asset processing RealContentHashPlugin 725.6b678b36.iframe.bundle.js generated SourceMap
<s> [webpack.Progress] 92% sealing asset processing RealContentHashPlugin 32.30c992c4.iframe.bundle.js generate SourceMap
<s> [webpack.Progress] 92% sealing asset processing RealContentHashPlugin 32.30c992c4.iframe.bundle.js generated SourceMap
<s> [webpack.Progress] 92% sealing asset processing RealContentHashPlugin main.68e98bdf.iframe.bundle.js generate SourceMap
<s> [webpack.Progress] 92% sealing asset processing RealContentHashPlugin main.68e98bdf.iframe.bundle.js generated SourceMap
<s> [webpack.Progress] 92% sealing asset processing RealContentHashPlugin 63.08e55b34.iframe.bundle.js generate SourceMap
<s> [webpack.Progress] 92% sealing asset processing RealContentHashPlugin 63.08e55b34.iframe.bundle.js generated SourceMap
<s> [webpack.Progress] 92% sealing asset processing RealContentHashPlugin 566.9071e576.iframe.bundle.js generate SourceMap
<s> [webpack.Progress] 92% sealing asset processing RealContentHashPlugin 566.9071e576.iframe.bundle.js generated SourceMap
<s> [webpack.Progress] 92% sealing asset processing RealContentHashPlugin 142.6fb15954.iframe.bundle.js generate SourceMap
<s> [webpack.Progress] 92% sealing asset processing RealContentHashPlugin 142.6fb15954.iframe.bundle.js generated SourceMap
<s> [webpack.Progress] 92% sealing asset processing RealContentHashPlugin 568.d3a25a50.iframe.bundle.js generate SourceMap
<s> [webpack.Progress] 92% sealing asset processing RealContentHashPlugin 568.d3a25a50.iframe.bundle.js generated SourceMap
<s> [webpack.Progress] 92% sealing asset processing RealContentHashPlugin resolve sources
<s> [webpack.Progress] 92% sealing asset processing RealContentHashPlugin
<s> [webpack.Progress] 92% sealing asset processing
<s> [webpack.Progress] 93% sealing after asset optimization
<s> [webpack.Progress] 93% sealing after asset optimization
<s> [webpack.Progress] 93% sealing recording
<s> [webpack.Progress] 93% sealing recording
<s> [webpack.Progress] 94% sealing after seal
<s> [webpack.Progress] 94% sealing after seal
<s> [webpack.Progress] 95% emitting emit
<s> [webpack.Progress] 95% emitting emit
<s> [webpack.Progress] 98% emitting after emit
<s> [webpack.Progress] 98% emitting after emit SizeLimitsPlugin
<s> [webpack.Progress] 98% emitting after emit
<s> [webpack.Progress] 99% done plugins
<s> [webpack.Progress] 99% done plugins CaseSensitivePathsPlugin
<s> [webpack.Progress] 99% done plugins
<s> [webpack.Progress] 99% 

<s> [webpack.Progress] 99% cache store build dependencies
<s> [webpack.Progress] 99% cache store build dependencies
<s> [webpack.Progress] 99% cache begin idle
<s> [webpack.Progress] 99% cache begin idle
<s> [webpack.Progress] 100% 

info => Preview built (3.72 min)
WARN asset size limit: The following asset(s) exceed the recommended size limit (244 KiB).
WARN This can impact web performance.
WARN Assets: 
WARN   566.9071e576.iframe.bundle.js (791 KiB)
WARN   568.d3a25a50.iframe.bundle.js (2.97 MiB)
WARN entrypoint size limit: The following entrypoint(s) combined asset size exceeds the recommended limit (244 KiB). This can impact web performance.
WARN Entrypoints:
WARN   main (3.08 MiB)
WARN       runtime~main.79f3b1dd.iframe.bundle.js
WARN       568.d3a25a50.iframe.bundle.js
WARN       main.68e98bdf.iframe.bundle.js
WARN 
<s> [webpack.Progress] 99% cache shutdown
<s> [webpack.Progress] 99% cache shutdown
<s> [webpack.Progress] 100% 

info => Output directory: C:\\Users\\andre\\AppData\\Local\\Temp\\chromatic--6684-FXoZQLl9dar8
